{"name": "Проверка клика по кнопке Личный кабинет", "status": "broken", "statusDetails": {"message": "selenium.common.exceptions.TimeoutException: Message: \nStacktrace:\nRemoteError@chrome://remote/content/shared/RemoteError.sys.mjs:8:8\nWebDriverError@chrome://remote/content/shared/webdriver/Errors.sys.mjs:202:5\nNoSuchElementError@chrome://remote/content/shared/webdriver/Errors.sys.mjs:555:5\ndom.find/</<@chrome://remote/content/shared/DOM.sys.mjs:136:16", "trace": "self = <test_personal_account.TestPersonalAccount object at 0x0000013F79D92DA0>\npersonal_page_fxt = (<page.personal_account_page.PersonalAccountPage object at 0x0000013F79D919F0>, 'rodriguezmark@example.com', 'Amy Rand...DQ0OTg0MjcwMDAxYmRmYzFjYiIsImlhdCI6MTc2Mjg0MjY5MiwiZXhwIjoxNzYyODQzODkyfQ.EgYUVmFH0vSeXCV-Hd0VGHrhWGGq6rmr18oTL0we1XY')\n\n    @allure.title(\"Проверка клика по кнопке Личный кабинет\")\n    @allure.description(\n        \"Переход по клику на «Личный кабинет»\"\n    )\n    @allure.feature(\"Личный кабинет\")\n    def test_go_to_personal_account(self, personal_page_fxt):\n        personal_page, email, name, token = personal_page_fxt\n>       name_input = personal_page.wait_name_input_visible()\n\ntests\\test_personal_account.py:17: \n_ _ _ _ _ _ _ _ _ _ _ _ _ _ _ _ _ _ _ _ _ _ _ _ _ _ _ _ _ _ _ _ _ _ _ _ _ _ _ _\npage\\personal_account_page.py:12: in wait_name_input_visible\n    return self.wait_for_element_to_be_visible(\npage\\base_page.py:25: in wait_for_element_to_be_visible\n    return self.wait.until(EC.visibility_of_element_located(locator))\n_ _ _ _ _ _ _ _ _ _ _ _ _ _ _ _ _ _ _ _ _ _ _ _ _ _ _ _ _ _ _ _ _ _ _ _ _ _ _ _\n\nself = <selenium.webdriver.support.wait.WebDriverWait (session=\"ccdf479b-3529-4c11-a954-c5dd49825a73\")>\nmethod = <function visibility_of_element_located.<locals>._predicate at 0x0000013F79D8D5A0>\nmessage = ''\n\n    def until(self, method, message: str = \"\"):\n        \"\"\"Calls the method provided with the driver as an argument until the \\\n        return value does not evaluate to ``False``.\n    \n        :param method: callable(WebDriver)\n        :param message: optional message for :exc:`TimeoutException`\n        :returns: the result of the last call to `method`\n        :raises: :exc:`selenium.common.exceptions.TimeoutException` if timeout occurs\n        \"\"\"\n        screen = None\n        stacktrace = None\n    \n        end_time = time.monotonic() + self._timeout\n        while True:\n            try:\n                value = method(self._driver)\n                if value:\n                    return value\n            except self._ignored_exceptions as exc:\n                screen = getattr(exc, 'screen', None)\n                stacktrace = getattr(exc, 'stacktrace', None)\n            time.sleep(self._poll)\n            if time.monotonic() > end_time:\n                break\n>       raise TimeoutException(message, screen, stacktrace)\nE       selenium.common.exceptions.TimeoutException: Message: \nE       Stacktrace:\nE       RemoteError@chrome://remote/content/shared/RemoteError.sys.mjs:8:8\nE       WebDriverError@chrome://remote/content/shared/webdriver/Errors.sys.mjs:202:5\nE       NoSuchElementError@chrome://remote/content/shared/webdriver/Errors.sys.mjs:555:5\nE       dom.find/</<@chrome://remote/content/shared/DOM.sys.mjs:136:16\n\n..\\..\\..\\AppData\\Local\\Programs\\Python\\Python310\\lib\\site-packages\\selenium\\webdriver\\support\\wait.py:90: TimeoutException"}, "description": "Переход по клику на «Личный кабинет»", "steps": [{"name": "Ожидание видимости имени на странице Личный кабинет", "status": "broken", "statusDetails": {"message": "selenium.common.exceptions.TimeoutException: Message: \nStacktrace:\nRemoteError@chrome://remote/content/shared/RemoteError.sys.mjs:8:8\nWebDriverError@chrome://remote/content/shared/webdriver/Errors.sys.mjs:202:5\nNoSuchElementError@chrome://remote/content/shared/webdriver/Errors.sys.mjs:555:5\ndom.find/</<@chrome://remote/content/shared/DOM.sys.mjs:136:16\n\n", "trace": "  File \"C:\\Users\\krupi\\AppData\\Local\\Programs\\Python\\Python310\\lib\\site-packages\\allure_commons\\_allure.py\", line 202, in impl\n    return func(*a, **kw)\n  File \"C:\\Users\\krupi\\Practicum\\Final_Project_Zimina_Julia_25_my\\Diplom_3\\page\\personal_account_page.py\", line 12, in wait_name_input_visible\n    return self.wait_for_element_to_be_visible(\n  File \"C:\\Users\\krupi\\Practicum\\Final_Project_Zimina_Julia_25_my\\Diplom_3\\page\\base_page.py\", line 25, in wait_for_element_to_be_visible\n    return self.wait.until(EC.visibility_of_element_located(locator))\n  File \"C:\\Users\\krupi\\AppData\\Local\\Programs\\Python\\Python310\\lib\\site-packages\\selenium\\webdriver\\support\\wait.py\", line 90, in until\n    raise TimeoutException(message, screen, stacktrace)\n"}, "start": 1762842695385, "stop": 1762842702586}], "parameters": [{"name": "driver", "value": "'firefox'"}], "start": 1762842695385, "stop": 1762842702586, "uuid": "64e6c60d-a46b-4ea8-affa-3212ceaacb51", "historyId": "bed6b9dbc06d7a31259d02a9dae3d713", "testCaseId": "e8a22037306e1a88db1bb07763225fa8", "fullName": "tests.test_personal_account.TestPersonalAccount#test_go_to_personal_account", "labels": [{"name": "feature", "value": "Личный кабинет"}, {"name": "parentSuite", "value": "tests"}, {"name": "suite", "value": "test_personal_account"}, {"name": "subSuite", "value": "TestPersonalAccount"}, {"name": "host", "value": "DESKTOP-EDJHOFV"}, {"name": "thread", "value": "2828-MainThread"}, {"name": "framework", "value": "pytest"}, {"name": "language", "value": "cpython3"}, {"name": "package", "value": "tests.test_personal_account"}], "titlePath": ["tests", "test_personal_account.py", "TestPersonalAccount"]}