{"name": "Проверка клика по заказу", "status": "broken", "statusDetails": {"message": "selenium.common.exceptions.TimeoutException: Message: \nStacktrace:\nRemoteError@chrome://remote/content/shared/RemoteError.sys.mjs:8:8\nWebDriverError@chrome://remote/content/shared/webdriver/Errors.sys.mjs:202:5\nNoSuchElementError@chrome://remote/content/shared/webdriver/Errors.sys.mjs:555:5\ndom.find/</<@chrome://remote/content/shared/DOM.sys.mjs:136:16", "trace": "self = <test_orders_list.TestOrdersList object at 0x0000013F79D5AB00>\ndriver = <selenium.webdriver.firefox.webdriver.WebDriver (session=\"f5f86bf5-7afe-4766-8436-8cb212ca0fe7\")>\nmain_page = <page.main_page.MainPage object at 0x0000013F7B188130>\n\n    @allure.title(\"Проверка клика по заказу\")\n    @allure.description(\n        \"Создаем клиента, логинимся, если кликнуть на заказ на странице Лента заказов, откроется всплывающее окно с деталями. Удаляем юзера\"\n    )\n    @allure.feature(\"Лента заказов\")\n    def test_click_to_order(self, driver, main_page):\n        main_page, email, name, token = main_page\n        main_page.wait_orders_list_button()\n        main_page.click_orders_list_button()\n        orders_list_page = OrdersListPage(driver)\n>       orders_list_page.wait_order_button_clickable()\n\ntests\\test_orders_list.py:24: \n_ _ _ _ _ _ _ _ _ _ _ _ _ _ _ _ _ _ _ _ _ _ _ _ _ _ _ _ _ _ _ _ _ _ _ _ _ _ _ _\npage\\orders_list_page.py:14: in wait_order_button_clickable\n    self.wait_for_element_to_be_clickable(orders_list_locators.LAST_ORDER_BUTTON)\npage\\base_page.py:21: in wait_for_element_to_be_clickable\n    return self.wait.until(EC.element_to_be_clickable(locator))\n_ _ _ _ _ _ _ _ _ _ _ _ _ _ _ _ _ _ _ _ _ _ _ _ _ _ _ _ _ _ _ _ _ _ _ _ _ _ _ _\n\nself = <selenium.webdriver.support.wait.WebDriverWait (session=\"f5f86bf5-7afe-4766-8436-8cb212ca0fe7\")>\nmethod = <function element_to_be_clickable.<locals>._predicate at 0x0000013F79D8D3F0>\nmessage = ''\n\n    def until(self, method, message: str = \"\"):\n        \"\"\"Calls the method provided with the driver as an argument until the \\\n        return value does not evaluate to ``False``.\n    \n        :param method: callable(WebDriver)\n        :param message: optional message for :exc:`TimeoutException`\n        :returns: the result of the last call to `method`\n        :raises: :exc:`selenium.common.exceptions.TimeoutException` if timeout occurs\n        \"\"\"\n        screen = None\n        stacktrace = None\n    \n        end_time = time.monotonic() + self._timeout\n        while True:\n            try:\n                value = method(self._driver)\n                if value:\n                    return value\n            except self._ignored_exceptions as exc:\n                screen = getattr(exc, 'screen', None)\n                stacktrace = getattr(exc, 'stacktrace', None)\n            time.sleep(self._poll)\n            if time.monotonic() > end_time:\n                break\n>       raise TimeoutException(message, screen, stacktrace)\nE       selenium.common.exceptions.TimeoutException: Message: \nE       Stacktrace:\nE       RemoteError@chrome://remote/content/shared/RemoteError.sys.mjs:8:8\nE       WebDriverError@chrome://remote/content/shared/webdriver/Errors.sys.mjs:202:5\nE       NoSuchElementError@chrome://remote/content/shared/webdriver/Errors.sys.mjs:555:5\nE       dom.find/</<@chrome://remote/content/shared/DOM.sys.mjs:136:16\n\n..\\..\\..\\AppData\\Local\\Programs\\Python\\Python310\\lib\\site-packages\\selenium\\webdriver\\support\\wait.py:90: TimeoutException"}, "description": "Создаем клиента, логинимся, если кликнуть на заказ на странице Лента заказов, откроется всплывающее окно с деталями. Удаляем юзера", "steps": [{"name": "Ожидание кликабельности кнопки Лист заказов", "status": "passed", "start": 1762842410850, "stop": 1762842410903}, {"name": "Клик на кнопку Лист заказов", "status": "passed", "start": 1762842410903, "stop": 1762842411003}, {"name": "Ожидание кликабельности кнопка заказа на странице Лента заказов", "status": "broken", "statusDetails": {"message": "selenium.common.exceptions.TimeoutException: Message: \nStacktrace:\nRemoteError@chrome://remote/content/shared/RemoteError.sys.mjs:8:8\nWebDriverError@chrome://remote/content/shared/webdriver/Errors.sys.mjs:202:5\nNoSuchElementError@chrome://remote/content/shared/webdriver/Errors.sys.mjs:555:5\ndom.find/</<@chrome://remote/content/shared/DOM.sys.mjs:136:16\n\n", "trace": "  File \"C:\\Users\\krupi\\AppData\\Local\\Programs\\Python\\Python310\\lib\\site-packages\\allure_commons\\_allure.py\", line 202, in impl\n    return func(*a, **kw)\n  File \"C:\\Users\\krupi\\Practicum\\Final_Project_Zimina_Julia_25_my\\Diplom_3\\page\\orders_list_page.py\", line 14, in wait_order_button_clickable\n    self.wait_for_element_to_be_clickable(orders_list_locators.LAST_ORDER_BUTTON)\n  File \"C:\\Users\\krupi\\Practicum\\Final_Project_Zimina_Julia_25_my\\Diplom_3\\page\\base_page.py\", line 21, in wait_for_element_to_be_clickable\n    return self.wait.until(EC.element_to_be_clickable(locator))\n  File \"C:\\Users\\krupi\\AppData\\Local\\Programs\\Python\\Python310\\lib\\site-packages\\selenium\\webdriver\\support\\wait.py\", line 90, in until\n    raise TimeoutException(message, screen, stacktrace)\n"}, "start": 1762842411003, "stop": 1762842418172}], "parameters": [{"name": "driver", "value": "'firefox'"}], "start": 1762842410850, "stop": 1762842418172, "uuid": "640eac9d-3c61-40b3-a90d-404211c6516f", "historyId": "7539432415654f6f56cbb71f1171e592", "testCaseId": "f8375969e6959f777c313615445f688e", "fullName": "tests.test_orders_list.TestOrdersList#test_click_to_order", "labels": [{"name": "feature", "value": "Лента заказов"}, {"name": "parentSuite", "value": "tests"}, {"name": "suite", "value": "test_orders_list"}, {"name": "subSuite", "value": "TestOrdersList"}, {"name": "host", "value": "DESKTOP-EDJHOFV"}, {"name": "thread", "value": "2828-MainThread"}, {"name": "framework", "value": "pytest"}, {"name": "language", "value": "cpython3"}, {"name": "package", "value": "tests.test_orders_list"}], "titlePath": ["tests", "test_orders_list.py", "TestOrdersList"]}